<?xml version="1.0" encoding="UTF-8"?>
<testsuite xmlns:xsi="http://www.w3.org/2001/XMLSchema-instance" xsi:noNamespaceSchemaLocation="https://maven.apache.org/surefire/maven-surefire-plugin/xsd/surefire-test-report-3.0.xsd" version="3.0" name="TestSuite.TestSuite1" time="67.384" tests="4" errors="0" skipped="0" failures="0">
  <properties>
[...]
</properties>
  <testcase name="main on main(TestCases.TESTCASE1_Login)" classname="TestCases.TESTCASE1_Login" time="14.466">
    <system-out><![CDATA[*****Column NUMBER IS 1

*****Row NUMBER IS 1
***VALUE IS https://www.newspapers.com/
*****Column NUMBER IS 1

*****Row NUMBER IS 1
***VALUE IS lourdes100@test.com
*****Column NUMBER IS 1


*****Row NUMBER IS 2
***VALUE IS Test123!
]]></system-out>
    <system-err><![CDATA[Starting ChromeDriver 101.0.4951.41 (93c720db8323b3ec10d056025ab95c23a31997c9-refs/branch-heads/4951@{#904}) on port 7624
Only local connections are allowed.
Please see https://chromedriver.chromium.org/security-considerations for suggestions on keeping ChromeDriver safe.
ChromeDriver was started successfully.
[1655477291.063][WARNING]: This version of ChromeDriver has not been tested with Chrome version 102.
Jun 17, 2022 10:48:11 PM org.openqa.selenium.remote.ProtocolHandshake createSession
INFO: Detected dialect: W3C
]]></system-err>
  </testcase>
  <testcase name="main on main(TestCases.TESTCASE2_NavigateTo7DaysFreeTrial)" classname="TestCases.TESTCASE2_NavigateTo7DaysFreeTrial" time="20.214">
    <system-out><![CDATA[*****Column NUMBER IS 1

*****Row NUMBER IS 1
***VALUE IS https://www.newspapers.com/
*****Column NUMBER IS 1

*****Row NUMBER IS 1
***VALUE IS lourdes100@test.com
*****Column NUMBER IS 1


*****Row NUMBER IS 2
***VALUE IS Test123!
]]></system-out>
    <system-err><![CDATA[Starting ChromeDriver 101.0.4951.41 (93c720db8323b3ec10d056025ab95c23a31997c9-refs/branch-heads/4951@{#904}) on port 28203
Only local connections are allowed.
Please see https://chromedriver.chromium.org/security-considerations for suggestions on keeping ChromeDriver safe.
ChromeDriver was started successfully.
[1655477304.586][WARNING]: This version of ChromeDriver has not been tested with Chrome version 102.
Jun 17, 2022 10:48:24 PM org.openqa.selenium.remote.ProtocolHandshake createSession
INFO: Detected dialect: W3C
]]></system-err>
  </testcase>
  <testcase name="main on main(TestCases.TESTCASE3_MyProfile)" classname="TestCases.TESTCASE3_MyProfile" time="16.516">
    <system-out><![CDATA[*****Column NUMBER IS 1

*****Row NUMBER IS 1
***VALUE IS https://www.newspapers.com/
*****Column NUMBER IS 1

*****Row NUMBER IS 1
***VALUE IS lourdes100@test.com
*****Column NUMBER IS 1


*****Row NUMBER IS 2
***VALUE IS Test123!
]]></system-out>
    <system-err><![CDATA[Starting ChromeDriver 101.0.4951.41 (93c720db8323b3ec10d056025ab95c23a31997c9-refs/branch-heads/4951@{#904}) on port 16359
Only local connections are allowed.
Please see https://chromedriver.chromium.org/security-considerations for suggestions on keeping ChromeDriver safe.
ChromeDriver was started successfully.
[1655477325.014][WARNING]: This version of ChromeDriver has not been tested with Chrome version 102.
Jun 17, 2022 10:48:45 PM org.openqa.selenium.remote.ProtocolHandshake createSession
INFO: Detected dialect: W3C
]]></system-err>
  </testcase>
  <testcase name="main on main(TestCases.TESTCASE4_SeachForKeyword)" classname="TestCases.TESTCASE4_SeachForKeyword" time="15.537">
    <system-out><![CDATA[*****Column NUMBER IS 1

*****Row NUMBER IS 1
***VALUE IS https://www.newspapers.com/
*****Column NUMBER IS 1

*****Row NUMBER IS 1
***VALUE IS lourdes100@test.com
*****Column NUMBER IS 1


*****Row NUMBER IS 2
***VALUE IS Test123!
*****Column NUMBER IS 1

*****Row NUMBER IS 1
***VALUE IS Marcos
TextField Now
TextField After
HELLO WORLD
]]></system-out>
    <system-err><![CDATA[Starting ChromeDriver 101.0.4951.41 (93c720db8323b3ec10d056025ab95c23a31997c9-refs/branch-heads/4951@{#904}) on port 43601
Only local connections are allowed.
Please see https://chromedriver.chromium.org/security-considerations for suggestions on keeping ChromeDriver safe.
ChromeDriver was started successfully.
[1655477341.247][WARNING]: This version of ChromeDriver has not been tested with Chrome version 102.
Jun 17, 2022 10:49:01 PM org.openqa.selenium.remote.ProtocolHandshake createSession
INFO: Detected dialect: W3C
]]></system-err>
  </testcase>
</testsuite>