<?xml version="1.0" encoding="UTF-8"?>
<testng-results ignored="0" total="4" passed="4" failed="0" skipped="0">
  <reporter-output>
  </reporter-output>
  <suite started-at="2022-06-17T14:48:08Z" name="Surefire suite" finished-at="2022-06-17T14:49:15Z" duration-ms="66877">
    <groups>
    </groups>
    <test started-at="2022-06-17T14:48:08Z" name="Surefire test" finished-at="2022-06-17T14:49:15Z" duration-ms="66877">
      <class name="TestCases.TESTCASE1_Login">
        <test-method signature="main() throws java.io.IOException" started-at="2022-06-17T14:48:08Z" name="main" finished-at="2022-06-17T14:48:22Z" duration-ms="14445" status="PASS">
          <reporter-output>
          </reporter-output>
        </test-method> <!-- main -->
      </class> <!-- TestCases.TESTCASE1_Login -->
      <class name="TestCases.TESTCASE3_MyProfile">
        <test-method signature="main() throws java.io.IOException" started-at="2022-06-17T14:48:08Z" name="main" finished-at="2022-06-17T14:48:59Z" duration-ms="51195" status="PASS">
          <reporter-output>
          </reporter-output>
        </test-method> <!-- main -->
      </class> <!-- TestCases.TESTCASE3_MyProfile -->
      <class name="TestCases.TESTCASE2_NavigateTo7DaysFreeTrial">
        <test-method signature="main() throws java.io.IOException" started-at="2022-06-17T14:48:08Z" name="main" finished-at="2022-06-17T14:48:43Z" duration-ms="34640" status="PASS">
          <reporter-output>
          </reporter-output>
        </test-method> <!-- main -->
      </class> <!-- TestCases.TESTCASE2_NavigateTo7DaysFreeTrial -->
      <class name="TestCases.TESTCASE4_SeachForKeyword">
        <test-method signature="main() throws java.io.IOException,java.lang.InterruptedException" started-at="2022-06-17T14:48:08Z" name="main" finished-at="2022-06-17T14:49:15Z" duration-ms="66726" status="PASS">
          <reporter-output>
          </reporter-output>
        </test-method> <!-- main -->
      </class> <!-- TestCases.TESTCASE4_SeachForKeyword -->
    </test> <!-- Surefire test -->
  </suite> <!-- Surefire suite -->
</testng-results>
