<?xml version="1.0" encoding="UTF-8"?>
<!-- Generated by org.testng.reporters.JUnitXMLReporter -->
<testsuite ignored="0" hostname="Allans-MacBook-Pro.local" failures="0" tests="4" name="Surefire test" time="66.877" errors="0" timestamp="17 Jun 2022 14:49:15 GMT">
  <testcase classname="TestCases.TESTCASE1_Login" name="main on main(TestCases.TESTCASE1_Login)" time="14.445"/>
  <testcase classname="TestCases.TESTCASE2_NavigateTo7DaysFreeTrial" name="main on main(TestCases.TESTCASE2_NavigateTo7DaysFreeTrial)" time="34.64"/>
  <testcase classname="TestCases.TESTCASE3_MyProfile" name="main on main(TestCases.TESTCASE3_MyProfile)" time="51.195"/>
  <testcase classname="TestCases.TESTCASE4_SeachForKeyword" name="main on main(TestCases.TESTCASE4_SeachForKeyword)" time="66.726"/>
</testsuite> <!-- Surefire test -->
